trunk/proguard-project.txt
# To enable ProGuard in your project, edit project.properties
# to define the proguard.config property as described in that file.
#
# Add project specific ProGuard rules here.
# By default, the flags in this file are appended to flags specified
# in ${sdk.dir}/tools/proguard/proguard-android.txt
# You can edit the include path and order by changing the ProGuard
# include property in project.properties.
#
# For more details, see
#   http://developer.android.com/guide/developing/tools/proguard.html

# Add any project specific keep options here:

# If your project uses WebView with JS, uncomment the following
# and specify the fully qualified class name to the JavaScript interface
# class:
#-keepclassmembers class fqcn.of.javascript.interface.for.webview {
#   public *;
#}

-keep class com.google.android.gms.maps.** { *; }
-optimizationpasses 6
-dontusemixedcaseclassnames
-dontskipnonpubliclibraryclasses

#-keep public class com.google.android.gms.maps.CameraUpdateFactory 
#-keep public class com.google.android.gms.maps.GoogleMap.OnMarkerClickListener
#-keep public class com.google.android.gms.maps.SupportMapFragment 
#-keep public class com.google.android.gms.maps.model.LatLng 
#-keep public class com.google.android.gms.maps.model.Marker 
#-keep public class com.google.android.gms.maps.model.MarkerOptions

-keep interface com.google.android.gms.maps.** { *; }