trunk/proguard/mapping.txt
net.mypapit.mobile.myrepeater.ContribActivity -> net.mypapit.mobile.myrepeater.ContribActivity:
    android.widget.TextView tvContrib -> a
    void onCreate(android.os.Bundle) -> onCreate
net.mypapit.mobile.myrepeater.DisplayMap -> net.mypapit.mobile.myrepeater.DisplayMap:
    com.google.android.gms.maps.GoogleMap map -> n
    void onCreate(android.os.Bundle) -> onCreate
    boolean onCreateOptionsMenu(android.view.Menu) -> onCreateOptionsMenu
    boolean onMarkerClick(com.google.android.gms.maps.model.Marker) -> onMarkerClick
    boolean onOptionsItemSelected(android.view.MenuItem) -> onOptionsItemSelected
net.mypapit.mobile.myrepeater.Repeater -> net.mypapit.mobile.myrepeater.Repeater:
    java.lang.String callsign -> a
    java.lang.String club -> b
    java.lang.String location -> c
    java.lang.String link -> d
    java.lang.String notes -> e
    double lat -> f
    double lon -> g
    double distance -> h
    double downlink -> i
    double shift -> j
    double tone -> k
    java.lang.String getCallsign() -> a
    java.lang.String getClub() -> b
    java.lang.String getLocation() -> c
    java.lang.String getLink() -> d
    double getDownlink() -> e
    double getShift() -> f
    double getTone() -> g
    java.util.ListIterator calcDistanceAll(net.mypapit.mobile.myrepeater.RepeaterList) -> a
    float distanceTo(android.location.Location) -> distanceTo
    int compareTo(net.mypapit.mobile.myrepeater.Repeater) -> a
    double getDistance() -> h
    java.lang.String[] toArrayString() -> i
    int compareTo(java.lang.Object) -> compareTo
net.mypapit.mobile.myrepeater.RepeaterAdapter -> net.mypapit.mobile.myrepeater.a:
    android.view.LayoutInflater inflater -> a
    net.mypapit.mobile.myrepeater.RepeaterList data -> b
    net.mypapit.mobile.myrepeater.RepeaterList realdata -> c
    int mLastPosition -> d
    int getCount() -> getCount
    java.lang.Object getItem(int) -> getItem
    net.mypapit.mobile.myrepeater.Repeater getRepeater(int) -> a
    long getItemId(int) -> getItemId
    android.view.View getView(int,android.view.View,android.view.ViewGroup) -> getView
    android.widget.Filter getFilter() -> getFilter
    net.mypapit.mobile.myrepeater.RepeaterList access$0(net.mypapit.mobile.myrepeater.RepeaterAdapter) -> a
    void access$1(net.mypapit.mobile.myrepeater.RepeaterAdapter,net.mypapit.mobile.myrepeater.RepeaterList) -> a
net.mypapit.mobile.myrepeater.RepeaterAdapter$1 -> net.mypapit.mobile.myrepeater.b:
    net.mypapit.mobile.myrepeater.RepeaterAdapter this$0 -> a
    android.widget.Filter$FilterResults performFiltering(java.lang.CharSequence) -> performFiltering
    void publishResults(java.lang.CharSequence,android.widget.Filter$FilterResults) -> publishResults
net.mypapit.mobile.myrepeater.RepeaterDetailsActivity -> net.mypapit.mobile.myrepeater.RepeaterDetailsActivity:
    java.lang.String[] repeater -> a
    android.widget.TextView tvCallsign -> b
    android.widget.TextView tvFreq -> c
    android.widget.TextView tvShift -> d
    android.widget.TextView tvTone -> e
    android.widget.TextView tvLocation -> f
    android.widget.TextView tvClub -> g
    android.widget.TextView tvDistance -> h
    void onCreate(android.os.Bundle) -> onCreate
    boolean onCreateOptionsMenu(android.view.Menu) -> onCreateOptionsMenu
    boolean onOptionsItemSelected(android.view.MenuItem) -> onOptionsItemSelected
    android.content.Intent createEmailOnlyChooserIntent(android.content.Intent,java.lang.CharSequence) -> a
net.mypapit.mobile.myrepeater.RepeaterList -> net.mypapit.mobile.myrepeater.c:
    void sort() -> a
...
com.google.android.gms.maps.model.CameraPositionCreator -> com.google.android.gms.maps.model.CameraPositionCreator:
    int CONTENT_DESCRIPTION -> CONTENT_DESCRIPTION
    com.google.android.gms.maps.model.CameraPosition createFromParcel(android.os.Parcel) -> createFromParcel
    com.google.android.gms.maps.model.CameraPosition[] newArray(int) -> newArray
    void a(com.google.android.gms.maps.model.CameraPosition,android.os.Parcel,int) -> a
    java.lang.Object[] newArray(int) -> newArray
    java.lang.Object createFromParcel(android.os.Parcel) -> createFromParcel
com.google.android.gms.maps.model.Circle -> com.google.android.gms.maps.model.Circle:
    com.google.android.gms.maps.model.internal.b aao -> aao
    void remove() -> remove
    java.lang.String getId() -> getId
    void setCenter(com.google.android.gms.maps.model.LatLng) -> setCenter
    com.google.android.gms.maps.model.LatLng getCenter() -> getCenter
    void setRadius(double) -> setRadius
    double getRadius() -> getRadius
    void setStrokeWidth(float) -> setStrokeWidth
    float getStrokeWidth() -> getStrokeWidth
    void setStrokeColor(int) -> setStrokeColor
    int getStrokeColor() -> getStrokeColor
    void setFillColor(int) -> setFillColor
    int getFillColor() -> getFillColor
    void setZIndex(float) -> setZIndex
    float getZIndex() -> getZIndex
    void setVisible(boolean) -> setVisible
    boolean isVisible() -> isVisible
    boolean equals(java.lang.Object) -> equals
    int hashCode() -> hashCode
com.google.android.gms.maps.model.CircleOptions -> com.google.android.gms.maps.model.CircleOptions:
    com.google.android.gms.maps.model.CircleOptionsCreator CREATOR -> CREATOR
    int xJ -> xJ
    com.google.android.gms.maps.model.LatLng aap -> aap
    double aaq -> aaq
    float aar -> aar
    int aas -> aas
    int aat -> aat
    float aau -> aau
    boolean aav -> aav
    int getVersionCode() -> getVersionCode
    void writeToParcel(android.os.Parcel,int) -> writeToParcel
    int describeContents() -> describeContents
    com.google.android.gms.maps.model.CircleOptions center(com.google.android.gms.maps.model.LatLng) -> center
    com.google.android.gms.maps.model.CircleOptions radius(double) -> radius
    com.google.android.gms.maps.model.CircleOptions strokeWidth(float) -> strokeWidth
    com.google.android.gms.maps.model.CircleOptions strokeColor(int) -> strokeColor
    com.google.android.gms.maps.model.CircleOptions fillColor(int) -> fillColor
    com.google.android.gms.maps.model.CircleOptions zIndex(float) -> zIndex
    com.google.android.gms.maps.model.CircleOptions visible(boolean) -> visible
    com.google.android.gms.maps.model.LatLng getCenter() -> getCenter
    double getRadius() -> getRadius
    float getStrokeWidth() -> getStrokeWidth
    int getStrokeColor() -> getStrokeColor
    int getFillColor() -> getFillColor
    float getZIndex() -> getZIndex
    boolean isVisible() -> isVisible
com.google.android.gms.maps.model.CircleOptionsCreator -> com.google.android.gms.maps.model.CircleOptionsCreator:
    int CONTENT_DESCRIPTION -> CONTENT_DESCRIPTION
    com.google.android.gms.maps.model.CircleOptions createFromParcel(android.os.Parcel) -> createFromParcel
    com.google.android.gms.maps.model.CircleOptions[] newArray(int) -> newArray
    void a(com.google.android.gms.maps.model.CircleOptions,android.os.Parcel,int) -> a
    java.lang.Object[] newArray(int) -> newArray
    java.lang.Object createFromParcel(android.os.Parcel) -> createFromParcel