trunk/proguard/usage.txt
net.mypapit.mobile.myrepeater.BuildConfig
net.mypapit.mobile.myrepeater.Manifest
net.mypapit.mobile.myrepeater.Manifest$permission
net.mypapit.mobile.myrepeater.R
net.mypapit.mobile.myrepeater.R$attr
net.mypapit.mobile.myrepeater.R$color
net.mypapit.mobile.myrepeater.R$dimen
net.mypapit.mobile.myrepeater.R$drawable
net.mypapit.mobile.myrepeater.R$id
net.mypapit.mobile.myrepeater.R$integer
net.mypapit.mobile.myrepeater.R$layout
net.mypapit.mobile.myrepeater.R$menu
net.mypapit.mobile.myrepeater.R$raw
net.mypapit.mobile.myrepeater.R$string
net.mypapit.mobile.myrepeater.R$style
net.mypapit.mobile.myrepeater.R$styleable
net.mypapit.mobile.myrepeater.Repeater:
    private static final long serialVersionUID
    112:114:public Repeater(android.location.Location)
    133:134:public void setCallsign(java.lang.String)
    167:168:public void setClub(java.lang.String)
    201:202:public void setLocation(java.lang.String)
    235:236:public void setLink(java.lang.String)
    252:252:public java.lang.String getNotes()
    269:270:public void setNotes(java.lang.String)
    286:286:public double getLat()
    303:304:public void setLat(double)
    320:320:public double getLon()
    337:338:public void setLon(double)
    371:372:public void setDownlink(double)
    405:406:public void setShift(double)
    439:440:public void setTone(double)
net.mypapit.mobile.myrepeater.RepeaterList:
    private static final long serialVersionUID
net.mypapit.mobile.myrepeater.RepeaterListActivity$GPSThread:
    java.lang.StringBuffer sb
net.mypapit.mobile.myrepeater.StaticLocation:
    32:33:public void setStatename(java.lang.String)
    56:57:public void setName(java.lang.String)
    62:63:public void setLat(double)
    68:69:public void setLon(double)
...
com.google.android.gms.cast.MediaInfo$Builder
com.google.android.gms.cast.MediaMetadata
com.google.android.gms.cast.MediaMetadata$a
com.google.android.gms.cast.MediaStatus
com.google.android.gms.cast.MediaTrack
com.google.android.gms.cast.MediaTrack$Builder
com.google.android.gms.cast.RemoteMediaPlayer
com.google.android.gms.cast.RemoteMediaPlayer$1
com.google.android.gms.cast.RemoteMediaPlayer$10
com.google.android.gms.cast.RemoteMediaPlayer$11
com.google.android.gms.cast.RemoteMediaPlayer$2
com.google.android.gms.cast.RemoteMediaPlayer$3
com.google.android.gms.cast.RemoteMediaPlayer$4
com.google.android.gms.cast.RemoteMediaPlayer$5
com.google.android.gms.cast.RemoteMediaPlayer$6
com.google.android.gms.cast.RemoteMediaPlayer$7
com.google.android.gms.cast.RemoteMediaPlayer$8
com.google.android.gms.cast.RemoteMediaPlayer$9
com.google.android.gms.cast.RemoteMediaPlayer$MediaChannelResult
com.google.android.gms.cast.RemoteMediaPlayer$OnMetadataUpdatedListener
com.google.android.gms.cast.RemoteMediaPlayer$OnStatusUpdatedListener
com.google.android.gms.cast.RemoteMediaPlayer$a
com.google.android.gms.cast.RemoteMediaPlayer$a$a
com.google.android.gms.cast.RemoteMediaPlayer$b
com.google.android.gms.cast.RemoteMediaPlayer$b$1
com.google.android.gms.cast.RemoteMediaPlayer$b$2
com.google.android.gms.cast.RemoteMediaPlayer$c
com.google.android.gms.cast.TextTrackStyle
com.google.android.gms.common.AccountPicker
com.google.android.gms.common.ConnectionResult:
    public static final int SUCCESS
    public static final int SERVICE_MISSING
    public static final int SERVICE_VERSION_UPDATE_REQUIRED
    public static final int SERVICE_DISABLED
    public static final int SIGN_IN_REQUIRED
    public static final int INVALID_ACCOUNT
    public static final int RESOLUTION_REQUIRED
    public static final int NETWORK_ERROR
    public static final int INTERNAL_ERROR
    public static final int SERVICE_INVALID
    public static final int DEVELOPER_ERROR
    public static final int LICENSE_CHECK_FAILED
    public static final int DATE_INVALID
    public static final int CANCELED
    public static final int TIMEOUT
    public static final int INTERRUPTED
    public static final int API_UNAVAILABLE
    public static final int DRIVE_EXTERNAL_STORAGE_REQUIRED
    public void startResolutionForResult(android.app.Activity,int)
    public boolean hasResolution()
    public boolean isSuccess()
    public int getErrorCode()
    public android.app.PendingIntent getResolution()
com.google.android.gms.common.ErrorDialogFragment
com.google.android.gms.common.GooglePlayServicesClient:
    public abstract void connect()
    public abstract void disconnect()
    public abstract boolean isConnected()
    public abstract boolean isConnecting()
    public abstract void registerConnectionCallbacks(com.google.android.gms.common.GooglePlayServicesClient$ConnectionCallbacks)
    public abstract boolean isConnectionCallbacksRegistered(com.google.android.gms.common.GooglePlayServicesClient$ConnectionCallbacks)
    public abstract void unregisterConnectionCallbacks(com.google.android.gms.common.GooglePlayServicesClient$ConnectionCallbacks)
    public abstract void registerConnectionFailedListener(com.google.android.gms.common.GooglePlayServicesClient$OnConnectionFailedListener)
    public abstract boolean isConnectionFailedListenerRegistered(com.google.android.gms.common.GooglePlayServicesClient$OnConnectionFailedListener)
    public abstract void unregisterConnectionFailedListener(com.google.android.gms.common.GooglePlayServicesClient$OnConnectionFailedListener)
com.google.android.gms.common.GooglePlayServicesRepairableException:
    public int getConnectionStatusCode()